# JRE version: OpenJDK Runtime Environment Temurin-17.0.13+11 (17.0.13+11) (build 17.0.13+11)
# Java VM: OpenJDK 64-Bit Server VM Temurin-17.0.13+11 (17.0.13+11, mixed mode, tiered, compressed oops, compressed class ptrs, parallel gc, windows-amd64)
GC Precious Log:
 CPUs: 8 total, 8 available
 Memory: 8072M
 Large Page Support: Disabled
 NUMA Support: Disabled
 Compressed Oops: Enabled (32-bit)
 Alignments: Space 512K, Generation 512K, Heap 2M
 Heap Min Capacity: 100M
 Heap Initial Capacity: 100M
 Heap Max Capacity: 1G
 Pre-touch: Disabled
 Parallel Workers: 8
Heap:
 PSYoungGen      total 9216K, used 9188K [0x00000000eab00000, 0x00000000eb580000, 0x0000000100000000)
  eden space 7680K, 100% used [0x00000000eab00000,0x00000000eb280000,0x00000000eb280000)
  from space 1536K, 98% used [0x00000000eb400000,0x00000000eb5791e0,0x00000000eb580000)
  to   space 1536K, 0% used [0x00000000eb280000,0x00000000eb280000,0x00000000eb400000)
 ParOldGen       total 162816K, used 148669K [0x00000000c0000000, 0x00000000c9f00000, 0x00000000eab00000)
  object space 162816K, 91% used [0x00000000c0000000,0x00000000c912f7f8,0x00000000c9f00000)
 Metaspace       used 58766K, committed 59712K, reserved 1114112K
  class space    used 6214K, committed 6656K, reserved 1048576K
GC Heap History (20 events):
Event: 28.551 GC heap after
{Heap after GC invocations=108 (full 5):
 PSYoungGen      total 4608K, used 882K [0x00000000eab00000, 0x00000000eb100000, 0x0000000100000000)
  eden space 3584K, 0% used [0x00000000eab00000,0x00000000eab00000,0x00000000eae80000)
  from space 1024K, 86% used [0x00000000eb000000,0x00000000eb0dcaf8,0x00000000eb100000)
  to   space 1024K, 0% used [0x00000000eae80000,0x00000000eae80000,0x00000000eaf80000)
 ParOldGen       total 140288K, used 136939K [0x00000000c0000000, 0x00000000c8900000, 0x00000000eab00000)
  object space 140288K, 97% used [0x00000000c0000000,0x00000000c85bae08,0x00000000c8900000)
 Metaspace       used 57808K, committed 58880K, reserved 1114112K
  class space    used 6133K, committed 6592K, reserved 1048576K
}
Event: 28.622 GC heap before
{Heap before GC invocations=109 (full 5):
 PSYoungGen      total 4608K, used 4466K [0x00000000eab00000, 0x00000000eb100000, 0x0000000100000000)
  eden space 3584K, 100% used [0x00000000eab00000,0x00000000eae80000,0x00000000eae80000)
  from space 1024K, 86% used [0x00000000eb000000,0x00000000eb0dcaf8,0x00000000eb100000)
  to   space 1024K, 0% used [0x00000000eae80000,0x00000000eae80000,0x00000000eaf80000)
 ParOldGen       total 140288K, used 136939K [0x00000000c0000000, 0x00000000c8900000, 0x00000000eab00000)
  object space 140288K, 97% used [0x00000000c0000000,0x00000000c85bae08,0x00000000c8900000)
 Metaspace       used 57810K, committed 58880K, reserved 1114112K
  class space    used 6133K, committed 6592K, reserved 1048576K
}
Event: 28.624 GC heap after
{Heap after GC invocations=109 (full 5):
 PSYoungGen      total 4608K, used 1021K [0x00000000eab00000, 0x00000000eb280000, 0x0000000100000000)
  eden space 3584K, 0% used [0x00000000eab00000,0x00000000eab00000,0x00000000eae80000)
  from space 1024K, 99% used [0x00000000eae80000,0x00000000eaf7f500,0x00000000eaf80000)
  to   space 2048K, 0% used [0x00000000eb080000,0x00000000eb080000,0x00000000eb280000)
 ParOldGen       total 140288K, used 137410K [0x00000000c0000000, 0x00000000c8900000, 0x00000000eab00000)
  object space 140288K, 97% used [0x00000000c0000000,0x00000000c8630ac0,0x00000000c8900000)
 Metaspace       used 57810K, committed 58880K, reserved 1114112K
  class space    used 6133K, committed 6592K, reserved 1048576K
}
Event: 28.646 GC heap before
{Heap before GC invocations=110 (full 5):
 PSYoungGen      total 4608K, used 4605K [0x00000000eab00000, 0x00000000eb280000, 0x0000000100000000)
  eden space 3584K, 100% used [0x00000000eab00000,0x00000000eae80000,0x00000000eae80000)
  from space 1024K, 99% used [0x00000000eae80000,0x00000000eaf7f500,0x00000000eaf80000)
  to   space 2048K, 0% used [0x00000000eb080000,0x00000000eb080000,0x00000000eb280000)
 ParOldGen       total 140288K, used 137410K [0x00000000c0000000, 0x00000000c8900000, 0x00000000eab00000)
  object space 140288K, 97% used [0x00000000c0000000,0x00000000c8630ac0,0x00000000c8900000)
 Metaspace       used 57810K, committed 58880K, reserved 1114112K
  class space    used 6133K, committed 6592K, reserved 1048576K
}
Event: 28.649 GC heap after
{Heap after GC invocations=110 (full 5):
 PSYoungGen      total 4608K, used 821K [0x00000000eab00000, 0x00000000eb180000, 0x0000000100000000)
  eden space 3584K, 0% used [0x00000000eab00000,0x00000000eab00000,0x00000000eae80000)
  from space 1024K, 80% used [0x00000000eb080000,0x00000000eb14d400,0x00000000eb180000)
  to   space 1536K, 0% used [0x00000000eae80000,0x00000000eae80000,0x00000000eb000000)
 ParOldGen       total 140288K, used 138450K [0x00000000c0000000, 0x00000000c8900000, 0x00000000eab00000)
  object space 140288K, 98% used [0x00000000c0000000,0x00000000c87348c0,0x00000000c8900000)
 Metaspace       used 57810K, committed 58880K, reserved 1114112K
  class space    used 6133K, committed 6592K, reserved 1048576K
}
Event: 28.684 GC heap before
{Heap before GC invocations=111 (full 5):
 PSYoungGen      total 4608K, used 4405K [0x00000000eab00000, 0x00000000eb180000, 0x0000000100000000)
  eden space 3584K, 100% used [0x00000000eab00000,0x00000000eae80000,0x00000000eae80000)
  from space 1024K, 80% used [0x00000000eb080000,0x00000000eb14d400,0x00000000eb180000)
  to   space 1536K, 0% used [0x00000000eae80000,0x00000000eae80000,0x00000000eb000000)
 ParOldGen       total 140288K, used 138450K [0x00000000c0000000, 0x00000000c8900000, 0x00000000eab00000)
  object space 140288K, 98% used [0x00000000c0000000,0x00000000c87348c0,0x00000000c8900000)
 Metaspace       used 57812K, committed 58880K, reserved 1114112K
  class space    used 6133K, committed 6592K, reserved 1048576K
}
Event: 28.687 GC heap after
{Heap after GC invocations=111 (full 5):
 PSYoungGen      total 5120K, used 1517K [0x00000000eab00000, 0x00000000eb280000, 0x0000000100000000)
  eden space 3584K, 0% used [0x00000000eab00000,0x00000000eab00000,0x00000000eae80000)
  from space 1536K, 98% used [0x00000000eae80000,0x00000000eaffb768,0x00000000eb000000)
  to   space 2048K, 0% used [0x00000000eb080000,0x00000000eb080000,0x00000000eb280000)
 ParOldGen       total 140288K, used 138498K [0x00000000c0000000, 0x00000000c8900000, 0x00000000eab00000)
  object space 140288K, 98% used [0x00000000c0000000,0x00000000c87408c0,0x00000000c8900000)
 Metaspace       used 57812K, committed 58880K, reserved 1114112K
  class space    used 6133K, committed 6592K, reserved 1048576K
}
Event: 28.897 GC heap before
{Heap before GC invocations=112 (full 5):
 PSYoungGen      total 5120K, used 5101K [0x00000000eab00000, 0x00000000eb280000, 0x0000000100000000)
  eden space 3584K, 100% used [0x00000000eab00000,0x00000000eae80000,0x00000000eae80000)
  from space 1536K, 98% used [0x00000000eae80000,0x00000000eaffb768,0x00000000eb000000)
  to   space 2048K, 0% used [0x00000000eb080000,0x00000000eb080000,0x00000000eb280000)
 ParOldGen       total 140288K, used 138498K [0x00000000c0000000, 0x00000000c8900000, 0x00000000eab00000)
  object space 140288K, 98% used [0x00000000c0000000,0x00000000c87408c0,0x00000000c8900000)
 Metaspace       used 57818K, committed 58880K, reserved 1114112K
  class space    used 6133K, committed 6592K, reserved 1048576K
}
Event: 28.901 GC heap after
{Heap after GC invocations=112 (full 5):
 PSYoungGen      total 4608K, used 953K [0x00000000eab00000, 0x00000000eb180000, 0x0000000100000000)
  eden space 3584K, 0% used [0x00000000eab00000,0x00000000eab00000,0x00000000eae80000)
  from space 1024K, 93% used [0x00000000eb080000,0x00000000eb16e5d0,0x00000000eb180000)
  to   space 1536K, 0% used [0x00000000eae80000,0x00000000eae80000,0x00000000eb000000)
 ParOldGen       total 140288K, used 139941K [0x00000000c0000000, 0x00000000c8900000, 0x00000000eab00000)
  object space 140288K, 99% used [0x00000000c0000000,0x00000000c88a9708,0x00000000c8900000)
 Metaspace       used 57818K, committed 58880K, reserved 1114112K
  class space    used 6133K, committed 6592K, reserved 1048576K
}
Event: 29.079 GC heap before
{Heap before GC invocations=113 (full 6):
 PSYoungGen      total 4608K, used 4537K [0x00000000eab00000, 0x00000000eb180000, 0x0000000100000000)
  eden space 3584K, 99% used [0x00000000eab00000,0x00000000eae7ffe0,0x00000000eae80000)
  from space 1024K, 93% used [0x00000000eb080000,0x00000000eb16e5d0,0x00000000eb180000)
  to   space 1536K, 0% used [0x00000000eae80000,0x00000000eae80000,0x00000000eb000000)
 ParOldGen       total 140288K, used 139941K [0x00000000c0000000, 0x00000000c8900000, 0x00000000eab00000)
  object space 140288K, 99% used [0x00000000c0000000,0x00000000c88a9708,0x00000000c8900000)
 Metaspace       used 57842K, committed 58880K, reserved 1114112K
  class space    used 6133K, committed 6592K, reserved 1048576K
}
Event: 29.337 GC heap after
{Heap after GC invocations=113 (full 6):
 PSYoungGen      total 5120K, used 0K [0x00000000eab00000, 0x00000000eb180000, 0x0000000100000000)
  eden space 3584K, 0% used [0x00000000eab00000,0x00000000eab00000,0x00000000eae80000)
  from space 1536K, 0% used [0x00000000eae80000,0x00000000eae80000,0x00000000eb000000)
  to   space 1536K, 0% used [0x00000000eb000000,0x00000000eb000000,0x00000000eb180000)
 ParOldGen       total 162816K, used 137726K [0x00000000c0000000, 0x00000000c9f00000, 0x00000000eab00000)
  object space 162816K, 84% used [0x00000000c0000000,0x00000000c867fbb0,0x00000000c9f00000)
 Metaspace       used 57842K, committed 58880K, reserved 1114112K
  class space    used 6133K, committed 6592K, reserved 1048576K
}
Event: 29.448 GC heap before
{Heap before GC invocations=114 (full 6):
 PSYoungGen      total 5120K, used 3584K [0x00000000eab00000, 0x00000000eb180000, 0x0000000100000000)
  eden space 3584K, 100% used [0x00000000eab00000,0x00000000eae80000,0x00000000eae80000)
  from space 1536K, 0% used [0x00000000eae80000,0x00000000eae80000,0x00000000eb000000)
  to   space 1536K, 0% used [0x00000000eb000000,0x00000000eb000000,0x00000000eb180000)
 ParOldGen       total 162816K, used 137726K [0x00000000c0000000, 0x00000000c9f00000, 0x00000000eab00000)
  object space 162816K, 84% used [0x00000000c0000000,0x00000000c867fbb0,0x00000000c9f00000)
 Metaspace       used 57844K, committed 58880K, reserved 1114112K
  class space    used 6133K, committed 6592K, reserved 1048576K
}
Event: 29.450 GC heap after
{Heap after GC invocations=114 (full 6):
 PSYoungGen      total 4608K, used 738K [0x00000000eab00000, 0x00000000eb100000, 0x0000000100000000)
  eden space 3584K, 0% used [0x00000000eab00000,0x00000000eab00000,0x00000000eae80000)
  from space 1024K, 72% used [0x00000000eb000000,0x00000000eb0b8be0,0x00000000eb100000)
  to   space 1024K, 0% used [0x00000000eaf00000,0x00000000eaf00000,0x00000000eb000000)
 ParOldGen       total 162816K, used 137726K [0x00000000c0000000, 0x00000000c9f00000, 0x00000000eab00000)
  object space 162816K, 84% used [0x00000000c0000000,0x00000000c867fbb0,0x00000000c9f00000)
 Metaspace       used 57844K, committed 58880K, reserved 1114112K
  class space    used 6133K, committed 6592K, reserved 1048576K
}
Event: 29.491 GC heap before
{Heap before GC invocations=115 (full 6):
 PSYoungGen      total 4608K, used 4322K [0x00000000eab00000, 0x00000000eb100000, 0x0000000100000000)
  eden space 3584K, 100% used [0x00000000eab00000,0x00000000eae80000,0x00000000eae80000)
  from space 1024K, 72% used [0x00000000eb000000,0x00000000eb0b8be0,0x00000000eb100000)
  to   space 1024K, 0% used [0x00000000eaf00000,0x00000000eaf00000,0x00000000eb000000)
 ParOldGen       total 162816K, used 137726K [0x00000000c0000000, 0x00000000c9f00000, 0x00000000eab00000)
  object space 162816K, 84% used [0x00000000c0000000,0x00000000c867fbb0,0x00000000c9f00000)
 Metaspace       used 57856K, committed 58880K, reserved 1114112K
  class space    used 6133K, committed 6592K, reserved 1048576K
}
Event: 29.495 GC heap after
{Heap after GC invocations=115 (full 6):
 PSYoungGen      total 4608K, used 999K [0x00000000eab00000, 0x00000000eb180000, 0x0000000100000000)
  eden space 3584K, 0% used [0x00000000eab00000,0x00000000eab00000,0x00000000eae80000)
  from space 1024K, 97% used [0x00000000eaf00000,0x00000000eaff9e88,0x00000000eb000000)
  to   space 1536K, 0% used [0x00000000eb000000,0x00000000eb000000,0x00000000eb180000)
 ParOldGen       total 162816K, used 138001K [0x00000000c0000000, 0x00000000c9f00000, 0x00000000eab00000)
  object space 162816K, 84% used [0x00000000c0000000,0x00000000c86c47c8,0x00000000c9f00000)
 Metaspace       used 57856K, committed 58880K, reserved 1114112K
  class space    used 6133K, committed 6592K, reserved 1048576K
}
Event: 29.523 GC heap before
{Heap before GC invocations=116 (full 6):
 PSYoungGen      total 4608K, used 4583K [0x00000000eab00000, 0x00000000eb180000, 0x0000000100000000)
  eden space 3584K, 100% used [0x00000000eab00000,0x00000000eae80000,0x00000000eae80000)
  from space 1024K, 97% used [0x00000000eaf00000,0x00000000eaff9e88,0x00000000eb000000)
  to   space 1536K, 0% used [0x00000000eb000000,0x00000000eb000000,0x00000000eb180000)
 ParOldGen       total 162816K, used 138001K [0x00000000c0000000, 0x00000000c9f00000, 0x00000000eab00000)
  object space 162816K, 84% used [0x00000000c0000000,0x00000000c86c47c8,0x00000000c9f00000)
 Metaspace       used 57859K, committed 58880K, reserved 1114112K
  class space    used 6133K, committed 6592K, reserved 1048576K
}
Event: 29.526 GC heap after
{Heap after GC invocations=116 (full 6):
 PSYoungGen      total 5120K, used 1329K [0x00000000eab00000, 0x00000000eb180000, 0x0000000100000000)
  eden space 3584K, 0% used [0x00000000eab00000,0x00000000eab00000,0x00000000eae80000)
  from space 1536K, 86% used [0x00000000eb000000,0x00000000eb14c628,0x00000000eb180000)
  to   space 1536K, 0% used [0x00000000eae80000,0x00000000eae80000,0x00000000eb000000)
 ParOldGen       total 162816K, used 138485K [0x00000000c0000000, 0x00000000c9f00000, 0x00000000eab00000)
  object space 162816K, 85% used [0x00000000c0000000,0x00000000c873d5f8,0x00000000c9f00000)
 Metaspace       used 57859K, committed 58880K, reserved 1114112K
  class space    used 6133K, committed 6592K, reserved 1048576K
}
Event: 29.576 GC heap before
{Heap before GC invocations=117 (full 6):
 PSYoungGen      total 5120K, used 4913K [0x00000000eab00000, 0x00000000eb180000, 0x0000000100000000)
  eden space 3584K, 100% used [0x00000000eab00000,0x00000000eae80000,0x00000000eae80000)
  from space 1536K, 86% used [0x00000000eb000000,0x00000000eb14c628,0x00000000eb180000)
  to   space 1536K, 0% used [0x00000000eae80000,0x00000000eae80000,0x00000000eb000000)
 ParOldGen       total 162816K, used 138485K [0x00000000c0000000, 0x00000000c9f00000, 0x00000000eab00000)
  object space 162816K, 85% used [0x00000000c0000000,0x00000000c873d5f8,0x00000000c9f00000)
 Metaspace       used 57890K, committed 58880K, reserved 1114112K
  class space    used 6138K, committed 6592K, reserved 1048576K
}
Event: 29.580 GC heap after
{Heap after GC invocations=117 (full 6):
 PSYoungGen      total 5120K, used 1532K [0x00000000eab00000, 0x00000000eb280000, 0x0000000100000000)
  eden space 3584K, 0% used [0x00000000eab00000,0x00000000eab00000,0x00000000eae80000)
  from space 1536K, 99% used [0x00000000eae80000,0x00000000eafff0d0,0x00000000eb000000)
  to   space 2048K, 0% used [0x00000000eb080000,0x00000000eb080000,0x00000000eb280000)
 ParOldGen       total 162816K, used 138853K [0x00000000c0000000, 0x00000000c9f00000, 0x00000000eab00000)
  object space 162816K, 85% used [0x00000000c0000000,0x00000000c87997c8,0x00000000c9f00000)
 Metaspace       used 57890K, committed 58880K, reserved 1114112K
  class space    used 6138K, committed 6592K, reserved 1048576K
}
Event: 29.649 GC heap before
{Heap before GC invocations=118 (full 6):
 PSYoungGen      total 5120K, used 5116K [0x00000000eab00000, 0x00000000eb280000, 0x0000000100000000)
  eden space 3584K, 100% used [0x00000000eab00000,0x00000000eae80000,0x00000000eae80000)
  from space 1536K, 99% used [0x00000000eae80000,0x00000000eafff0d0,0x00000000eb000000)
  to   space 2048K, 0% used [0x00000000eb080000,0x00000000eb080000,0x00000000eb280000)
 ParOldGen       total 162816K, used 138853K [0x00000000c0000000, 0x00000000c9f00000, 0x00000000eab00000)
  object space 162816K, 85% used [0x00000000c0000000,0x00000000c87997c8,0x00000000c9f00000)
 Metaspace       used 57965K, committed 59008K, reserved 1114112K
  class space    used 6147K, committed 6656K, reserved 1048576K
}

