# JRE version: OpenJDK Runtime Environment Temurin-17.0.13+11 (17.0.13+11) (build 17.0.13+11)
# Java VM: OpenJDK 64-Bit Server VM Temurin-17.0.13+11 (17.0.13+11, mixed mode, tiered, compressed oops, compressed class ptrs, parallel gc, windows-amd64)
GC Precious Log:
 CPUs: 8 total, 8 available
 Memory: 8072M
 Large Page Support: Disabled
 NUMA Support: Disabled
 Compressed Oops: Enabled (32-bit)
 Alignments: Space 512K, Generation 512K, Heap 2M
 Heap Min Capacity: 100M
 Heap Initial Capacity: 100M
 Heap Max Capacity: 1G
 Pre-touch: Disabled
 Parallel Workers: 8
Heap:
 PSYoungGen      total 23552K, used 17408K [0x00000000eab00000, 0x00000000ecd00000, 0x0000000100000000)
  eden space 17408K, 100% used [0x00000000eab00000,0x00000000ebc00000,0x00000000ebc00000)
  from space 6144K, 0% used [0x00000000ebc00000,0x00000000ebc00000,0x00000000ec200000)
  to   space 7168K, 0% used [0x00000000ec600000,0x00000000ec600000,0x00000000ecd00000)
 ParOldGen       total 403456K, used 403058K [0x00000000c0000000, 0x00000000d8a00000, 0x00000000eab00000)
  object space 403456K, 99% used [0x00000000c0000000,0x00000000d899cb70,0x00000000d8a00000)
 Metaspace       used 81485K, committed 82816K, reserved 1179648K
  class space    used 8818K, committed 9408K, reserved 1048576K
GC Heap History (20 events):
Event: 51.904 GC heap after
{Heap after GC invocations=347 (full 17):
 PSYoungGen      total 24576K, used 6656K [0x00000000eab00000, 0x00000000ecf80000, 0x0000000100000000)
  eden space 17920K, 0% used [0x00000000eab00000,0x00000000eab00000,0x00000000ebc80000)
  from space 6656K, 100% used [0x00000000ec500000,0x00000000ecb80000,0x00000000ecb80000)
  to   space 8704K, 0% used [0x00000000ebc80000,0x00000000ebc80000,0x00000000ec500000)
 ParOldGen       total 403456K, used 387007K [0x00000000c0000000, 0x00000000d8a00000, 0x00000000eab00000)
  object space 403456K, 95% used [0x00000000c0000000,0x00000000d79eff38,0x00000000d8a00000)
 Metaspace       used 81450K, committed 82624K, reserved 1179648K
  class space    used 8815K, committed 9344K, reserved 1048576K
}
Event: 51.958 GC heap before
{Heap before GC invocations=348 (full 17):
 PSYoungGen      total 24576K, used 24576K [0x00000000eab00000, 0x00000000ecf80000, 0x0000000100000000)
  eden space 17920K, 100% used [0x00000000eab00000,0x00000000ebc80000,0x00000000ebc80000)
  from space 6656K, 100% used [0x00000000ec500000,0x00000000ecb80000,0x00000000ecb80000)
  to   space 8704K, 0% used [0x00000000ebc80000,0x00000000ebc80000,0x00000000ec500000)
 ParOldGen       total 403456K, used 387007K [0x00000000c0000000, 0x00000000d8a00000, 0x00000000eab00000)
  object space 403456K, 95% used [0x00000000c0000000,0x00000000d79eff38,0x00000000d8a00000)
 Metaspace       used 81450K, committed 82624K, reserved 1179648K
  class space    used 8815K, committed 9344K, reserved 1048576K
}
Event: 51.964 GC heap after
{Heap after GC invocations=348 (full 17):
 PSYoungGen      total 24576K, used 6368K [0x00000000eab00000, 0x00000000eca80000, 0x0000000100000000)
  eden space 17920K, 0% used [0x00000000eab00000,0x00000000eab00000,0x00000000ebc80000)
  from space 6656K, 95% used [0x00000000ebc80000,0x00000000ec2b8000,0x00000000ec300000)
  to   space 7168K, 0% used [0x00000000ec380000,0x00000000ec380000,0x00000000eca80000)
 ParOldGen       total 403456K, used 389564K [0x00000000c0000000, 0x00000000d8a00000, 0x00000000eab00000)
  object space 403456K, 96% used [0x00000000c0000000,0x00000000d7c6f140,0x00000000d8a00000)
 Metaspace       used 81450K, committed 82624K, reserved 1179648K
  class space    used 8815K, committed 9344K, reserved 1048576K
}
Event: 52.017 GC heap before
{Heap before GC invocations=349 (full 17):
 PSYoungGen      total 24576K, used 24288K [0x00000000eab00000, 0x00000000eca80000, 0x0000000100000000)
  eden space 17920K, 100% used [0x00000000eab00000,0x00000000ebc80000,0x00000000ebc80000)
  from space 6656K, 95% used [0x00000000ebc80000,0x00000000ec2b8000,0x00000000ec300000)
  to   space 7168K, 0% used [0x00000000ec380000,0x00000000ec380000,0x00000000eca80000)
 ParOldGen       total 403456K, used 389564K [0x00000000c0000000, 0x00000000d8a00000, 0x00000000eab00000)
  object space 403456K, 96% used [0x00000000c0000000,0x00000000d7c6f140,0x00000000d8a00000)
 Metaspace       used 81450K, committed 82624K, reserved 1179648K
  class space    used 8815K, committed 9344K, reserved 1048576K
}
Event: 52.021 GC heap after
{Heap after GC invocations=349 (full 17):
 PSYoungGen      total 23552K, used 7168K [0x00000000eab00000, 0x00000000ecd80000, 0x0000000100000000)
  eden space 16384K, 0% used [0x00000000eab00000,0x00000000eab00000,0x00000000ebb00000)
  from space 7168K, 100% used [0x00000000ec380000,0x00000000eca80000,0x00000000eca80000)
  to   space 8704K, 0% used [0x00000000ebb00000,0x00000000ebb00000,0x00000000ec380000)
 ParOldGen       total 403456K, used 390668K [0x00000000c0000000, 0x00000000d8a00000, 0x00000000eab00000)
  object space 403456K, 96% used [0x00000000c0000000,0x00000000d7d83140,0x00000000d8a00000)
 Metaspace       used 81450K, committed 82624K, reserved 1179648K
  class space    used 8815K, committed 9344K, reserved 1048576K
}
Event: 52.065 GC heap before
{Heap before GC invocations=350 (full 17):
 PSYoungGen      total 23552K, used 23552K [0x00000000eab00000, 0x00000000ecd80000, 0x0000000100000000)
  eden space 16384K, 100% used [0x00000000eab00000,0x00000000ebb00000,0x00000000ebb00000)
  from space 7168K, 100% used [0x00000000ec380000,0x00000000eca80000,0x00000000eca80000)
  to   space 8704K, 0% used [0x00000000ebb00000,0x00000000ebb00000,0x00000000ec380000)
 ParOldGen       total 403456K, used 390668K [0x00000000c0000000, 0x00000000d8a00000, 0x00000000eab00000)
  object space 403456K, 96% used [0x00000000c0000000,0x00000000d7d83140,0x00000000d8a00000)
 Metaspace       used 81450K, committed 82624K, reserved 1179648K
  class space    used 8815K, committed 9344K, reserved 1048576K
}
Event: 52.070 GC heap after
{Heap after GC invocations=350 (full 17):
 PSYoungGen      total 23040K, used 6496K [0x00000000eab00000, 0x00000000ec900000, 0x0000000100000000)
  eden space 16384K, 0% used [0x00000000eab00000,0x00000000eab00000,0x00000000ebb00000)
  from space 6656K, 97% used [0x00000000ebb00000,0x00000000ec158010,0x00000000ec180000)
  to   space 7168K, 0% used [0x00000000ec200000,0x00000000ec200000,0x00000000ec900000)
 ParOldGen       total 403456K, used 393900K [0x00000000c0000000, 0x00000000d8a00000, 0x00000000eab00000)
  object space 403456K, 97% used [0x00000000c0000000,0x00000000d80ab140,0x00000000d8a00000)
 Metaspace       used 81450K, committed 82624K, reserved 1179648K
  class space    used 8815K, committed 9344K, reserved 1048576K
}
Event: 52.114 GC heap before
{Heap before GC invocations=351 (full 17):
 PSYoungGen      total 23040K, used 22880K [0x00000000eab00000, 0x00000000ec900000, 0x0000000100000000)
  eden space 16384K, 100% used [0x00000000eab00000,0x00000000ebb00000,0x00000000ebb00000)
  from space 6656K, 97% used [0x00000000ebb00000,0x00000000ec158010,0x00000000ec180000)
  to   space 7168K, 0% used [0x00000000ec200000,0x00000000ec200000,0x00000000ec900000)
 ParOldGen       total 403456K, used 393900K [0x00000000c0000000, 0x00000000d8a00000, 0x00000000eab00000)
  object space 403456K, 97% used [0x00000000c0000000,0x00000000d80ab140,0x00000000d8a00000)
 Metaspace       used 81468K, committed 82688K, reserved 1179648K
  class space    used 8816K, committed 9344K, reserved 1048576K
}
Event: 52.119 GC heap after
{Heap after GC invocations=351 (full 17):
 PSYoungGen      total 22016K, used 7136K [0x00000000eab00000, 0x00000000ecc00000, 0x0000000100000000)
  eden space 14848K, 0% used [0x00000000eab00000,0x00000000eab00000,0x00000000eb980000)
  from space 7168K, 99% used [0x00000000ec200000,0x00000000ec8f8010,0x00000000ec900000)
  to   space 8704K, 0% used [0x00000000eb980000,0x00000000eb980000,0x00000000ec200000)
 ParOldGen       total 403456K, used 394732K [0x00000000c0000000, 0x00000000d8a00000, 0x00000000eab00000)
  object space 403456K, 97% used [0x00000000c0000000,0x00000000d817b140,0x00000000d8a00000)
 Metaspace       used 81468K, committed 82688K, reserved 1179648K
  class space    used 8816K, committed 9344K, reserved 1048576K
}
Event: 52.167 GC heap before
{Heap before GC invocations=352 (full 17):
 PSYoungGen      total 22016K, used 21984K [0x00000000eab00000, 0x00000000ecc00000, 0x0000000100000000)
  eden space 14848K, 100% used [0x00000000eab00000,0x00000000eb980000,0x00000000eb980000)
  from space 7168K, 99% used [0x00000000ec200000,0x00000000ec8f8010,0x00000000ec900000)
  to   space 8704K, 0% used [0x00000000eb980000,0x00000000eb980000,0x00000000ec200000)
 ParOldGen       total 403456K, used 394732K [0x00000000c0000000, 0x00000000d8a00000, 0x00000000eab00000)
  object space 403456K, 97% used [0x00000000c0000000,0x00000000d817b140,0x00000000d8a00000)
 Metaspace       used 81471K, committed 82816K, reserved 1179648K
  class space    used 8817K, committed 9408K, reserved 1048576K
}
Event: 52.174 GC heap after
{Heap after GC invocations=352 (full 17):
 PSYoungGen      total 23552K, used 5936K [0x00000000eab00000, 0x00000000ec900000, 0x0000000100000000)
  eden space 14848K, 0% used [0x00000000eab00000,0x00000000eab00000,0x00000000eb980000)
  from space 8704K, 68% used [0x00000000eb980000,0x00000000ebf4c020,0x00000000ec200000)
  to   space 7168K, 0% used [0x00000000ec200000,0x00000000ec200000,0x00000000ec900000)
 ParOldGen       total 403456K, used 398132K [0x00000000c0000000, 0x00000000d8a00000, 0x00000000eab00000)
  object space 403456K, 98% used [0x00000000c0000000,0x00000000d84cd140,0x00000000d8a00000)
 Metaspace       used 81471K, committed 82816K, reserved 1179648K
  class space    used 8817K, committed 9408K, reserved 1048576K
}
Event: 52.208 GC heap before
{Heap before GC invocations=353 (full 17):
 PSYoungGen      total 23552K, used 20784K [0x00000000eab00000, 0x00000000ec900000, 0x0000000100000000)
  eden space 14848K, 100% used [0x00000000eab00000,0x00000000eb980000,0x00000000eb980000)
  from space 8704K, 68% used [0x00000000eb980000,0x00000000ebf4c020,0x00000000ec200000)
  to   space 7168K, 0% used [0x00000000ec200000,0x00000000ec200000,0x00000000ec900000)
 ParOldGen       total 403456K, used 398132K [0x00000000c0000000, 0x00000000d8a00000, 0x00000000eab00000)
  object space 403456K, 98% used [0x00000000c0000000,0x00000000d84cd140,0x00000000d8a00000)
 Metaspace       used 81474K, committed 82816K, reserved 1179648K
  class space    used 8817K, committed 9408K, reserved 1048576K
}
Event: 52.213 GC heap after
{Heap after GC invocations=353 (full 17):
 PSYoungGen      total 22528K, used 5952K [0x00000000eab00000, 0x00000000ec800000, 0x0000000100000000)
  eden space 16384K, 0% used [0x00000000eab00000,0x00000000eab00000,0x00000000ebb00000)
  from space 6144K, 96% used [0x00000000ec200000,0x00000000ec7d0020,0x00000000ec800000)
  to   space 6144K, 0% used [0x00000000ebc00000,0x00000000ebc00000,0x00000000ec200000)
 ParOldGen       total 403456K, used 400388K [0x00000000c0000000, 0x00000000d8a00000, 0x00000000eab00000)
  object space 403456K, 99% used [0x00000000c0000000,0x00000000d8701150,0x00000000d8a00000)
 Metaspace       used 81474K, committed 82816K, reserved 1179648K
  class space    used 8817K, committed 9408K, reserved 1048576K
}
Event: 52.253 GC heap before
{Heap before GC invocations=354 (full 17):
 PSYoungGen      total 22528K, used 22336K [0x00000000eab00000, 0x00000000ec800000, 0x0000000100000000)
  eden space 16384K, 100% used [0x00000000eab00000,0x00000000ebb00000,0x00000000ebb00000)
  from space 6144K, 96% used [0x00000000ec200000,0x00000000ec7d0020,0x00000000ec800000)
  to   space 6144K, 0% used [0x00000000ebc00000,0x00000000ebc00000,0x00000000ec200000)
 ParOldGen       total 403456K, used 400388K [0x00000000c0000000, 0x00000000d8a00000, 0x00000000eab00000)
  object space 403456K, 99% used [0x00000000c0000000,0x00000000d8701150,0x00000000d8a00000)
 Metaspace       used 81476K, committed 82816K, reserved 1179648K
  class space    used 8817K, committed 9408K, reserved 1048576K
}
Event: 52.258 GC heap after
{Heap after GC invocations=354 (full 17):
 PSYoungGen      total 23552K, used 6128K [0x00000000eab00000, 0x00000000ecd00000, 0x0000000100000000)
  eden space 17408K, 0% used [0x00000000eab00000,0x00000000eab00000,0x00000000ebc00000)
  from space 6144K, 99% used [0x00000000ebc00000,0x00000000ec1fc010,0x00000000ec200000)
  to   space 8192K, 0% used [0x00000000ec500000,0x00000000ec500000,0x00000000ecd00000)
 ParOldGen       total 403456K, used 402004K [0x00000000c0000000, 0x00000000d8a00000, 0x00000000eab00000)
  object space 403456K, 99% used [0x00000000c0000000,0x00000000d8895150,0x00000000d8a00000)
 Metaspace       used 81476K, committed 82816K, reserved 1179648K
  class space    used 8817K, committed 9408K, reserved 1048576K
}
Event: 52.301 GC heap before
{Heap before GC invocations=355 (full 18):
 PSYoungGen      total 23552K, used 23536K [0x00000000eab00000, 0x00000000ecd00000, 0x0000000100000000)
  eden space 17408K, 100% used [0x00000000eab00000,0x00000000ebc00000,0x00000000ebc00000)
  from space 6144K, 99% used [0x00000000ebc00000,0x00000000ec1fc010,0x00000000ec200000)
  to   space 8192K, 0% used [0x00000000ec500000,0x00000000ec500000,0x00000000ecd00000)
 ParOldGen       total 403456K, used 402004K [0x00000000c0000000, 0x00000000d8a00000, 0x00000000eab00000)
  object space 403456K, 99% used [0x00000000c0000000,0x00000000d8895150,0x00000000d8a00000)
 Metaspace       used 81476K, committed 82816K, reserved 1179648K
  class space    used 8817K, committed 9408K, reserved 1048576K
}
Event: 52.550 GC heap after
{Heap after GC invocations=355 (full 18):
 PSYoungGen      total 23552K, used 982K [0x00000000eab00000, 0x00000000ece00000, 0x0000000100000000)
  eden space 17408K, 0% used [0x00000000eab00000,0x00000000eab00000,0x00000000ebc00000)
  from space 6144K, 15% used [0x00000000ebc00000,0x00000000ebcf59e8,0x00000000ec200000)
  to   space 8192K, 0% used [0x00000000ec600000,0x00000000ec600000,0x00000000ece00000)
 ParOldGen       total 403456K, used 403079K [0x00000000c0000000, 0x00000000d8a00000, 0x00000000eab00000)
  object space 403456K, 99% used [0x00000000c0000000,0x00000000d89a1d40,0x00000000d8a00000)
 Metaspace       used 81476K, committed 82816K, reserved 1179648K
  class space    used 8817K, committed 9408K, reserved 1048576K
}
Event: 52.617 GC heap before
{Heap before GC invocations=356 (full 19):
 PSYoungGen      total 23552K, used 18390K [0x00000000eab00000, 0x00000000ece00000, 0x0000000100000000)
  eden space 17408K, 100% used [0x00000000eab00000,0x00000000ebc00000,0x00000000ebc00000)
  from space 6144K, 15% used [0x00000000ebc00000,0x00000000ebcf59e8,0x00000000ec200000)
  to   space 8192K, 0% used [0x00000000ec600000,0x00000000ec600000,0x00000000ece00000)
 ParOldGen       total 403456K, used 403079K [0x00000000c0000000, 0x00000000d8a00000, 0x00000000eab00000)
  object space 403456K, 99% used [0x00000000c0000000,0x00000000d89a1d40,0x00000000d8a00000)
 Metaspace       used 81476K, committed 82816K, reserved 1179648K
  class space    used 8817K, committed 9408K, reserved 1048576K
}
Event: 52.994 GC heap after
{Heap after GC invocations=356 (full 19):
 PSYoungGen      total 24576K, used 1521K [0x00000000eab00000, 0x00000000ecd00000, 0x0000000100000000)
  eden space 17408K, 8% used [0x00000000eab00000,0x00000000eac7c5c8,0x00000000ebc00000)
  from space 7168K, 0% used [0x00000000ec600000,0x00000000ec600000,0x00000000ecd00000)
  to   space 6144K, 0% used [0x00000000ebc00000,0x00000000ebc00000,0x00000000ec200000)
 ParOldGen       total 403456K, used 403436K [0x00000000c0000000, 0x00000000d8a00000, 0x00000000eab00000)
  object space 403456K, 99% used [0x00000000c0000000,0x00000000d89fb3d8,0x00000000d8a00000)
 Metaspace       used 81476K, committed 82816K, reserved 1179648K
  class space    used 8817K, committed 9408K, reserved 1048576K
}
Event: 53.063 GC heap before
{Heap before GC invocations=357 (full 20):
 PSYoungGen      total 24576K, used 14045K [0x00000000eab00000, 0x00000000ecd00000, 0x0000000100000000)
  eden space 17408K, 80% used [0x00000000eab00000,0x00000000eb8b7778,0x00000000ebc00000)
  from space 7168K, 0% used [0x00000000ec600000,0x00000000ec600000,0x00000000ecd00000)
  to   space 6144K, 0% used [0x00000000ebc00000,0x00000000ebc00000,0x00000000ec200000)
 ParOldGen       total 403456K, used 403436K [0x00000000c0000000, 0x00000000d8a00000, 0x00000000eab00000)
  object space 403456K, 99% used [0x00000000c0000000,0x00000000d89fb3d8,0x00000000d8a00000)
 Metaspace       used 81476K, committed 82816K, reserved 1179648K
  class space    used 8817K, committed 9408K, reserved 1048576K
}

