# JRE version: OpenJDK Runtime Environment Temurin-17.0.13+11 (17.0.13+11) (build 17.0.13+11)
# Java VM: OpenJDK 64-Bit Server VM Temurin-17.0.13+11 (17.0.13+11, mixed mode, tiered, compressed oops, compressed class ptrs, parallel gc, windows-amd64)
GC Precious Log:
 CPUs: 8 total, 8 available
 Memory: 8072M
 Large Page Support: Disabled
 NUMA Support: Disabled
 Compressed Oops: Enabled (32-bit)
 Alignments: Space 512K, Generation 512K, Heap 2M
 Heap Min Capacity: 100M
 Heap Initial Capacity: 100M
 Heap Max Capacity: 1G
 Pre-touch: Disabled
 Parallel Workers: 8
Heap:
 PSYoungGen      total 42496K, used 28605K [0x00000000eab00000, 0x00000000edc80000, 0x0000000100000000)
  eden space 36864K, 62% used [0x00000000eab00000,0x00000000ec177520,0x00000000ecf00000)
  from space 5632K, 99% used [0x00000000ed300000,0x00000000ed878000,0x00000000ed880000)
  to   space 4096K, 0% used [0x00000000ed880000,0x00000000ed880000,0x00000000edc80000)
 ParOldGen       total 338944K, used 312497K [0x00000000c0000000, 0x00000000d4b00000, 0x00000000eab00000)
  object space 338944K, 92% used [0x00000000c0000000,0x00000000d312c490,0x00000000d4b00000)
 Metaspace       used 76632K, committed 77760K, reserved 1179648K
  class space    used 8021K, committed 8512K, reserved 1048576K
GC Heap History (20 events):
Event: 65.935 GC heap before
{Heap before GC invocations=306 (full 19):
 PSYoungGen      total 47616K, used 47616K [0x00000000eab00000, 0x00000000ee400000, 0x0000000100000000)
  eden space 41984K, 100% used [0x00000000eab00000,0x00000000ed400000,0x00000000ed400000)
  from space 5632K, 100% used [0x00000000ede80000,0x00000000ee400000,0x00000000ee400000)
  to   space 7168K, 0% used [0x00000000ed600000,0x00000000ed600000,0x00000000edd00000)
 ParOldGen       total 338944K, used 270973K [0x00000000c0000000, 0x00000000d4b00000, 0x00000000eab00000)
  object space 338944K, 79% used [0x00000000c0000000,0x00000000d089f660,0x00000000d4b00000)
 Metaspace       used 72611K, committed 73728K, reserved 1179648K
  class space    used 7346K, committed 7808K, reserved 1048576K
}
Event: 65.947 GC heap after
{Heap after GC invocations=306 (full 19):
 PSYoungGen      total 48640K, used 7168K [0x00000000eab00000, 0x00000000ee780000, 0x0000000100000000)
  eden space 41472K, 0% used [0x00000000eab00000,0x00000000eab00000,0x00000000ed380000)
  from space 7168K, 100% used [0x00000000ed600000,0x00000000edd00000,0x00000000edd00000)
  to   space 10240K, 0% used [0x00000000edd80000,0x00000000edd80000,0x00000000ee780000)
 ParOldGen       total 338944K, used 273045K [0x00000000c0000000, 0x00000000d4b00000, 0x00000000eab00000)
  object space 338944K, 80% used [0x00000000c0000000,0x00000000d0aa5660,0x00000000d4b00000)
 Metaspace       used 72611K, committed 73728K, reserved 1179648K
  class space    used 7346K, committed 7808K, reserved 1048576K
}
Event: 66.231 GC heap before
{Heap before GC invocations=307 (full 19):
 PSYoungGen      total 48640K, used 48640K [0x00000000eab00000, 0x00000000ee780000, 0x0000000100000000)
  eden space 41472K, 100% used [0x00000000eab00000,0x00000000ed380000,0x00000000ed380000)
  from space 7168K, 100% used [0x00000000ed600000,0x00000000edd00000,0x00000000edd00000)
  to   space 10240K, 0% used [0x00000000edd80000,0x00000000edd80000,0x00000000ee780000)
 ParOldGen       total 338944K, used 273045K [0x00000000c0000000, 0x00000000d4b00000, 0x00000000eab00000)
  object space 338944K, 80% used [0x00000000c0000000,0x00000000d0aa5660,0x00000000d4b00000)
 Metaspace       used 72616K, committed 73728K, reserved 1179648K
  class space    used 7346K, committed 7808K, reserved 1048576K
}
Event: 66.242 GC heap after
{Heap after GC invocations=307 (full 19):
 PSYoungGen      total 46080K, used 4652K [0x00000000eab00000, 0x00000000ee280000, 0x0000000100000000)
  eden space 40960K, 0% used [0x00000000eab00000,0x00000000eab00000,0x00000000ed300000)
  from space 5120K, 90% used [0x00000000edd80000,0x00000000ee20b018,0x00000000ee280000)
  to   space 6656K, 0% used [0x00000000ed580000,0x00000000ed580000,0x00000000edc00000)
 ParOldGen       total 338944K, used 279741K [0x00000000c0000000, 0x00000000d4b00000, 0x00000000eab00000)
  object space 338944K, 82% used [0x00000000c0000000,0x00000000d112f660,0x00000000d4b00000)
 Metaspace       used 72616K, committed 73728K, reserved 1179648K
  class space    used 7346K, committed 7808K, reserved 1048576K
}
Event: 66.433 GC heap before
{Heap before GC invocations=308 (full 19):
 PSYoungGen      total 46080K, used 45612K [0x00000000eab00000, 0x00000000ee280000, 0x0000000100000000)
  eden space 40960K, 100% used [0x00000000eab00000,0x00000000ed300000,0x00000000ed300000)
  from space 5120K, 90% used [0x00000000edd80000,0x00000000ee20b018,0x00000000ee280000)
  to   space 6656K, 0% used [0x00000000ed580000,0x00000000ed580000,0x00000000edc00000)
 ParOldGen       total 338944K, used 279741K [0x00000000c0000000, 0x00000000d4b00000, 0x00000000eab00000)
  object space 338944K, 82% used [0x00000000c0000000,0x00000000d112f660,0x00000000d4b00000)
 Metaspace       used 72616K, committed 73728K, reserved 1179648K
  class space    used 7346K, committed 7808K, reserved 1048576K
}
Event: 66.439 GC heap after
{Heap after GC invocations=308 (full 19):
 PSYoungGen      total 47104K, used 6636K [0x00000000eab00000, 0x00000000ee380000, 0x0000000100000000)
  eden space 40448K, 0% used [0x00000000eab00000,0x00000000eab00000,0x00000000ed280000)
  from space 6656K, 99% used [0x00000000ed580000,0x00000000edbfb018,0x00000000edc00000)
  to   space 7680K, 0% used [0x00000000edc00000,0x00000000edc00000,0x00000000ee380000)
 ParOldGen       total 338944K, used 280741K [0x00000000c0000000, 0x00000000d4b00000, 0x00000000eab00000)
  object space 338944K, 82% used [0x00000000c0000000,0x00000000d1229660,0x00000000d4b00000)
 Metaspace       used 72616K, committed 73728K, reserved 1179648K
  class space    used 7346K, committed 7808K, reserved 1048576K
}
Event: 66.623 GC heap before
{Heap before GC invocations=309 (full 19):
 PSYoungGen      total 47104K, used 47084K [0x00000000eab00000, 0x00000000ee380000, 0x0000000100000000)
  eden space 40448K, 100% used [0x00000000eab00000,0x00000000ed280000,0x00000000ed280000)
  from space 6656K, 99% used [0x00000000ed580000,0x00000000edbfb018,0x00000000edc00000)
  to   space 7680K, 0% used [0x00000000edc00000,0x00000000edc00000,0x00000000ee380000)
 ParOldGen       total 338944K, used 280741K [0x00000000c0000000, 0x00000000d4b00000, 0x00000000eab00000)
  object space 338944K, 82% used [0x00000000c0000000,0x00000000d1229660,0x00000000d4b00000)
 Metaspace       used 72616K, committed 73728K, reserved 1179648K
  class space    used 7346K, committed 7808K, reserved 1048576K
}
Event: 66.630 GC heap after
{Heap after GC invocations=309 (full 19):
 PSYoungGen      total 44032K, used 3648K [0x00000000eab00000, 0x00000000ee000000, 0x0000000100000000)
  eden space 39936K, 0% used [0x00000000eab00000,0x00000000eab00000,0x00000000ed200000)
  from space 4096K, 89% used [0x00000000edc00000,0x00000000edf90000,0x00000000ee000000)
  to   space 5120K, 0% used [0x00000000ed600000,0x00000000ed600000,0x00000000edb00000)
 ParOldGen       total 338944K, used 286961K [0x00000000c0000000, 0x00000000d4b00000, 0x00000000eab00000)
  object space 338944K, 84% used [0x00000000c0000000,0x00000000d183c678,0x00000000d4b00000)
 Metaspace       used 72616K, committed 73728K, reserved 1179648K
  class space    used 7346K, committed 7808K, reserved 1048576K
}
Event: 66.831 GC heap before
{Heap before GC invocations=310 (full 19):
 PSYoungGen      total 44032K, used 43584K [0x00000000eab00000, 0x00000000ee000000, 0x0000000100000000)
  eden space 39936K, 100% used [0x00000000eab00000,0x00000000ed200000,0x00000000ed200000)
  from space 4096K, 89% used [0x00000000edc00000,0x00000000edf90000,0x00000000ee000000)
  to   space 5120K, 0% used [0x00000000ed600000,0x00000000ed600000,0x00000000edb00000)
 ParOldGen       total 338944K, used 286961K [0x00000000c0000000, 0x00000000d4b00000, 0x00000000eab00000)
  object space 338944K, 84% used [0x00000000c0000000,0x00000000d183c678,0x00000000d4b00000)
 Metaspace       used 72616K, committed 73728K, reserved 1179648K
  class space    used 7346K, committed 7808K, reserved 1048576K
}
Event: 66.837 GC heap after
{Heap after GC invocations=310 (full 19):
 PSYoungGen      total 44544K, used 5120K [0x00000000eab00000, 0x00000000edf80000, 0x0000000100000000)
  eden space 39424K, 0% used [0x00000000eab00000,0x00000000eab00000,0x00000000ed180000)
  from space 5120K, 100% used [0x00000000ed600000,0x00000000edb00000,0x00000000edb00000)
  to   space 4608K, 0% used [0x00000000edb00000,0x00000000edb00000,0x00000000edf80000)
 ParOldGen       total 338944K, used 288329K [0x00000000c0000000, 0x00000000d4b00000, 0x00000000eab00000)
  object space 338944K, 85% used [0x00000000c0000000,0x00000000d1992678,0x00000000d4b00000)
 Metaspace       used 72616K, committed 73728K, reserved 1179648K
  class space    used 7346K, committed 7808K, reserved 1048576K
}
Event: 67.090 GC heap before
{Heap before GC invocations=311 (full 19):
 PSYoungGen      total 44544K, used 44544K [0x00000000eab00000, 0x00000000edf80000, 0x0000000100000000)
  eden space 39424K, 100% used [0x00000000eab00000,0x00000000ed180000,0x00000000ed180000)
  from space 5120K, 100% used [0x00000000ed600000,0x00000000edb00000,0x00000000edb00000)
  to   space 4608K, 0% used [0x00000000edb00000,0x00000000edb00000,0x00000000edf80000)
 ParOldGen       total 338944K, used 288329K [0x00000000c0000000, 0x00000000d4b00000, 0x00000000eab00000)
  object space 338944K, 85% used [0x00000000c0000000,0x00000000d1992678,0x00000000d4b00000)
 Metaspace       used 72616K, committed 73728K, reserved 1179648K
  class space    used 7346K, committed 7808K, reserved 1048576K
}
Event: 67.099 GC heap after
{Heap after GC invocations=311 (full 19):
 PSYoungGen      total 42496K, used 3255K [0x00000000eab00000, 0x00000000ede80000, 0x0000000100000000)
  eden space 38912K, 0% used [0x00000000eab00000,0x00000000eab00000,0x00000000ed100000)
  from space 3584K, 90% used [0x00000000edb00000,0x00000000ede2dd60,0x00000000ede80000)
  to   space 4608K, 0% used [0x00000000ed580000,0x00000000ed580000,0x00000000eda00000)
 ParOldGen       total 338944K, used 293017K [0x00000000c0000000, 0x00000000d4b00000, 0x00000000eab00000)
  object space 338944K, 86% used [0x00000000c0000000,0x00000000d1e26678,0x00000000d4b00000)
 Metaspace       used 72616K, committed 73728K, reserved 1179648K
  class space    used 7346K, committed 7808K, reserved 1048576K
}
Event: 68.237 GC heap before
{Heap before GC invocations=312 (full 19):
 PSYoungGen      total 42496K, used 42167K [0x00000000eab00000, 0x00000000ede80000, 0x0000000100000000)
  eden space 38912K, 100% used [0x00000000eab00000,0x00000000ed100000,0x00000000ed100000)
  from space 3584K, 90% used [0x00000000edb00000,0x00000000ede2dd60,0x00000000ede80000)
  to   space 4608K, 0% used [0x00000000ed580000,0x00000000ed580000,0x00000000eda00000)
 ParOldGen       total 338944K, used 293017K [0x00000000c0000000, 0x00000000d4b00000, 0x00000000eab00000)
  object space 338944K, 86% used [0x00000000c0000000,0x00000000d1e26678,0x00000000d4b00000)
 Metaspace       used 73206K, committed 74304K, reserved 1179648K
  class space    used 7445K, committed 7936K, reserved 1048576K
}
Event: 68.243 GC heap after
{Heap after GC invocations=312 (full 19):
 PSYoungGen      total 43008K, used 4584K [0x00000000eab00000, 0x00000000edb80000, 0x0000000100000000)
  eden space 38400K, 0% used [0x00000000eab00000,0x00000000eab00000,0x00000000ed080000)
  from space 4608K, 99% used [0x00000000ed580000,0x00000000ed9fa220,0x00000000eda00000)
  to   space 1536K, 0% used [0x00000000eda00000,0x00000000eda00000,0x00000000edb80000)
 ParOldGen       total 338944K, used 293569K [0x00000000c0000000, 0x00000000d4b00000, 0x00000000eab00000)
  object space 338944K, 86% used [0x00000000c0000000,0x00000000d1eb0678,0x00000000d4b00000)
 Metaspace       used 73206K, committed 74304K, reserved 1179648K
  class space    used 7445K, committed 7936K, reserved 1048576K
}
Event: 68.948 GC heap before
{Heap before GC invocations=313 (full 19):
 PSYoungGen      total 43008K, used 42984K [0x00000000eab00000, 0x00000000edb80000, 0x0000000100000000)
  eden space 38400K, 100% used [0x00000000eab00000,0x00000000ed080000,0x00000000ed080000)
  from space 4608K, 99% used [0x00000000ed580000,0x00000000ed9fa220,0x00000000eda00000)
  to   space 1536K, 0% used [0x00000000eda00000,0x00000000eda00000,0x00000000edb80000)
 ParOldGen       total 338944K, used 293569K [0x00000000c0000000, 0x00000000d4b00000, 0x00000000eab00000)
  object space 338944K, 86% used [0x00000000c0000000,0x00000000d1eb0678,0x00000000d4b00000)
 Metaspace       used 74360K, committed 75520K, reserved 1179648K
  class space    used 7636K, committed 8128K, reserved 1048576K
}
Event: 68.955 GC heap after
{Heap after GC invocations=313 (full 19):
 PSYoungGen      total 39424K, used 1513K [0x00000000eab00000, 0x00000000ee300000, 0x0000000100000000)
  eden space 37888K, 0% used [0x00000000eab00000,0x00000000eab00000,0x00000000ed000000)
  from space 1536K, 98% used [0x00000000eda00000,0x00000000edb7a408,0x00000000edb80000)
  to   space 9728K, 0% used [0x00000000ed000000,0x00000000ed000000,0x00000000ed980000)
 ParOldGen       total 338944K, used 300969K [0x00000000c0000000, 0x00000000d4b00000, 0x00000000eab00000)
  object space 338944K, 88% used [0x00000000c0000000,0x00000000d25ea648,0x00000000d4b00000)
 Metaspace       used 74360K, committed 75520K, reserved 1179648K
  class space    used 7636K, committed 8128K, reserved 1048576K
}
Event: 69.474 GC heap before
{Heap before GC invocations=314 (full 19):
 PSYoungGen      total 39424K, used 39401K [0x00000000eab00000, 0x00000000ee300000, 0x0000000100000000)
  eden space 37888K, 100% used [0x00000000eab00000,0x00000000ed000000,0x00000000ed000000)
  from space 1536K, 98% used [0x00000000eda00000,0x00000000edb7a408,0x00000000edb80000)
  to   space 9728K, 0% used [0x00000000ed000000,0x00000000ed000000,0x00000000ed980000)
 ParOldGen       total 338944K, used 300969K [0x00000000c0000000, 0x00000000d4b00000, 0x00000000eab00000)
  object space 338944K, 88% used [0x00000000c0000000,0x00000000d25ea648,0x00000000d4b00000)
 Metaspace       used 74897K, committed 76032K, reserved 1179648K
  class space    used 7735K, committed 8192K, reserved 1048576K
}
Event: 69.491 GC heap after
{Heap after GC invocations=314 (full 19):
 PSYoungGen      total 47104K, used 9698K [0x00000000eab00000, 0x00000000ee880000, 0x0000000100000000)
  eden space 37376K, 0% used [0x00000000eab00000,0x00000000eab00000,0x00000000ecf80000)
  from space 9728K, 99% used [0x00000000ed000000,0x00000000ed978a68,0x00000000ed980000)
  to   space 12800K, 0% used [0x00000000edc00000,0x00000000edc00000,0x00000000ee880000)
 ParOldGen       total 338944K, used 303016K [0x00000000c0000000, 0x00000000d4b00000, 0x00000000eab00000)
  object space 338944K, 89% used [0x00000000c0000000,0x00000000d27ea0f8,0x00000000d4b00000)
 Metaspace       used 74897K, committed 76032K, reserved 1179648K
  class space    used 7735K, committed 8192K, reserved 1048576K
}
Event: 70.458 GC heap before
{Heap before GC invocations=315 (full 19):
 PSYoungGen      total 47104K, used 47074K [0x00000000eab00000, 0x00000000ee880000, 0x0000000100000000)
  eden space 37376K, 100% used [0x00000000eab00000,0x00000000ecf80000,0x00000000ecf80000)
  from space 9728K, 99% used [0x00000000ed000000,0x00000000ed978a68,0x00000000ed980000)
  to   space 12800K, 0% used [0x00000000edc00000,0x00000000edc00000,0x00000000ee880000)
 ParOldGen       total 338944K, used 303016K [0x00000000c0000000, 0x00000000d4b00000, 0x00000000eab00000)
  object space 338944K, 89% used [0x00000000c0000000,0x00000000d27ea0f8,0x00000000d4b00000)
 Metaspace       used 75936K, committed 77056K, reserved 1179648K
  class space    used 7917K, committed 8384K, reserved 1048576K
}
Event: 70.468 GC heap after
{Heap after GC invocations=315 (full 19):
 PSYoungGen      total 39936K, used 2864K [0x00000000eab00000, 0x00000000edf00000, 0x0000000100000000)
  eden space 36864K, 0% used [0x00000000eab00000,0x00000000eab00000,0x00000000ecf00000)
  from space 3072K, 93% used [0x00000000edc00000,0x00000000edecc010,0x00000000edf00000)
  to   space 6144K, 0% used [0x00000000ed300000,0x00000000ed300000,0x00000000ed900000)
 ParOldGen       total 338944K, used 312489K [0x00000000c0000000, 0x00000000d4b00000, 0x00000000eab00000)
  object space 338944K, 92% used [0x00000000c0000000,0x00000000d312a478,0x00000000d4b00000)
 Metaspace       used 75936K, committed 77056K, reserved 1179648K
  class space    used 7917K, committed 8384K, reserved 1048576K
}

