# JRE version: Java(TM) SE Runtime Environment (17.0.12+8) (build 17.0.12+8-LTS-286)
# Java VM: Java HotSpot(TM) 64-Bit Server VM (17.0.12+8-LTS-286, mixed mode, sharing, tiered, compressed oops, compressed class ptrs, g1 gc, windows-amd64)
GC Precious Log:
 CPUs: 8 total, 8 available
 Memory: 8072M
 Large Page Support: Disabled
 NUMA Support: Disabled
 Compressed Oops: Enabled (Zero based)
 Heap Region Size: 2M
 Heap Min Capacity: 8M
 Heap Initial Capacity: 128M
 Heap Max Capacity: 4G
 Pre-touch: Disabled
 Parallel Workers: 8
 Concurrent Workers: 2
 Concurrent Refinement Workers: 8
 Periodic GC: Disabled
Heap:
 garbage-first heap   total 90112K, used 46924K [0x0000000700000000, 0x0000000800000000)
  region size 2048K, 9 young (18432K), 2 survivors (4096K)
 Metaspace       used 41560K, committed 42048K, reserved 491520K
  class space    used 5900K, committed 6144K, reserved 425984K
GC Heap History (20 events):
Event: 5.172 GC heap before
{Heap before GC invocations=1 (full 0):
 garbage-first heap   total 131072K, used 38615K [0x0000000700000000, 0x0000000800000000)
  region size 2048K, 17 young (34816K), 2 survivors (4096K)
 Metaspace       used 4362K, committed 4544K, reserved 491520K
  class space    used 542K, committed 640K, reserved 425984K
}
Event: 5.183 GC heap after
{Heap after GC invocations=2 (full 0):
 garbage-first heap   total 131072K, used 11419K [0x0000000700000000, 0x0000000800000000)
  region size 2048K, 2 young (4096K), 2 survivors (4096K)
 Metaspace       used 4362K, committed 4544K, reserved 491520K
  class space    used 542K, committed 640K, reserved 425984K
}
Event: 6.899 GC heap before
{Heap before GC invocations=2 (full 0):
 garbage-first heap   total 131072K, used 52379K [0x0000000700000000, 0x0000000800000000)
  region size 2048K, 22 young (45056K), 2 survivors (4096K)
 Metaspace       used 4462K, committed 4608K, reserved 491520K
  class space    used 542K, committed 640K, reserved 425984K
}
Event: 6.908 GC heap after
{Heap after GC invocations=3 (full 0):
 garbage-first heap   total 131072K, used 16253K [0x0000000700000000, 0x0000000800000000)
  region size 2048K, 3 young (6144K), 3 survivors (6144K)
 Metaspace       used 4462K, committed 4608K, reserved 491520K
  class space    used 542K, committed 640K, reserved 425984K
}
Event: 13.575 GC heap before
{Heap before GC invocations=3 (full 0):
 garbage-first heap   total 131072K, used 87933K [0x0000000700000000, 0x0000000800000000)
  region size 2048K, 38 young (77824K), 3 survivors (6144K)
 Metaspace       used 16051K, committed 16320K, reserved 491520K
  class space    used 2237K, committed 2368K, reserved 425984K
}
Event: 13.586 GC heap after
{Heap after GC invocations=4 (full 0):
 garbage-first heap   total 131072K, used 21266K [0x0000000700000000, 0x0000000800000000)
  region size 2048K, 5 young (10240K), 5 survivors (10240K)
 Metaspace       used 16051K, committed 16320K, reserved 491520K
  class space    used 2237K, committed 2368K, reserved 425984K
}
Event: 15.743 GC heap before
{Heap before GC invocations=4 (full 0):
 garbage-first heap   total 131072K, used 64274K [0x0000000700000000, 0x0000000800000000)
  region size 2048K, 27 young (55296K), 5 survivors (10240K)
 Metaspace       used 21197K, committed 21504K, reserved 491520K
  class space    used 3068K, committed 3200K, reserved 425984K
}
Event: 15.755 GC heap after
{Heap after GC invocations=5 (full 0):
 garbage-first heap   total 131072K, used 23976K [0x0000000700000000, 0x0000000800000000)
  region size 2048K, 4 young (8192K), 4 survivors (8192K)
 Metaspace       used 21197K, committed 21504K, reserved 491520K
  class space    used 3068K, committed 3200K, reserved 425984K
}
Event: 17.521 GC heap before
{Heap before GC invocations=6 (full 0):
 garbage-first heap   total 90112K, used 69032K [0x0000000700000000, 0x0000000800000000)
  region size 2048K, 26 young (53248K), 4 survivors (8192K)
 Metaspace       used 26436K, committed 26752K, reserved 491520K
  class space    used 3890K, committed 4032K, reserved 425984K
}
Event: 17.535 GC heap after
{Heap after GC invocations=7 (full 0):
 garbage-first heap   total 90112K, used 25772K [0x0000000700000000, 0x0000000800000000)
  region size 2048K, 3 young (6144K), 3 survivors (6144K)
 Metaspace       used 26436K, committed 26752K, reserved 491520K
  class space    used 3890K, committed 4032K, reserved 425984K
}
Event: 17.588 GC heap before
{Heap before GC invocations=7 (full 0):
 garbage-first heap   total 90112K, used 27820K [0x0000000700000000, 0x0000000800000000)
  region size 2048K, 4 young (8192K), 3 survivors (6144K)
 Metaspace       used 26775K, committed 27136K, reserved 491520K
  class space    used 3925K, committed 4096K, reserved 425984K
}
Event: 17.595 GC heap after
{Heap after GC invocations=8 (full 0):
 garbage-first heap   total 90112K, used 26431K [0x0000000700000000, 0x0000000800000000)
  region size 2048K, 1 young (2048K), 1 survivors (2048K)
 Metaspace       used 26775K, committed 27136K, reserved 491520K
  class space    used 3925K, committed 4096K, reserved 425984K
}
Event: 18.803 GC heap before
{Heap before GC invocations=8 (full 0):
 garbage-first heap   total 90112K, used 63295K [0x0000000700000000, 0x0000000800000000)
  region size 2048K, 20 young (40960K), 1 survivors (2048K)
 Metaspace       used 31774K, committed 32128K, reserved 491520K
  class space    used 4451K, committed 4608K, reserved 425984K
}
Event: 18.808 GC heap after
{Heap after GC invocations=9 (full 0):
 garbage-first heap   total 90112K, used 30118K [0x0000000700000000, 0x0000000800000000)
  region size 2048K, 3 young (6144K), 3 survivors (6144K)
 Metaspace       used 31774K, committed 32128K, reserved 491520K
  class space    used 4451K, committed 4608K, reserved 425984K
}
Event: 19.635 GC heap before
{Heap before GC invocations=9 (full 0):
 garbage-first heap   total 90112K, used 62886K [0x0000000700000000, 0x0000000800000000)
  region size 2048K, 19 young (38912K), 3 survivors (6144K)
 Metaspace       used 35649K, committed 36096K, reserved 491520K
  class space    used 4957K, committed 5184K, reserved 425984K
}
Event: 19.641 GC heap after
{Heap after GC invocations=10 (full 0):
 garbage-first heap   total 90112K, used 32235K [0x0000000700000000, 0x0000000800000000)
  region size 2048K, 2 young (4096K), 2 survivors (4096K)
 Metaspace       used 35649K, committed 36096K, reserved 491520K
  class space    used 4957K, committed 5184K, reserved 425984K
}
Event: 20.074 GC heap before
{Heap before GC invocations=11 (full 0):
 garbage-first heap   total 90112K, used 65003K [0x0000000700000000, 0x0000000800000000)
  region size 2048K, 19 young (38912K), 2 survivors (4096K)
 Metaspace       used 36920K, committed 37376K, reserved 491520K
  class space    used 5150K, committed 5376K, reserved 425984K
}
Event: 20.078 GC heap after
{Heap after GC invocations=12 (full 0):
 garbage-first heap   total 90112K, used 32992K [0x0000000700000000, 0x0000000800000000)
  region size 2048K, 2 young (4096K), 2 survivors (4096K)
 Metaspace       used 36920K, committed 37376K, reserved 491520K
  class space    used 5150K, committed 5376K, reserved 425984K
}
Event: 20.899 GC heap before
{Heap before GC invocations=12 (full 0):
 garbage-first heap   total 90112K, used 67808K [0x0000000700000000, 0x0000000800000000)
  region size 2048K, 19 young (38912K), 2 survivors (4096K)
 Metaspace       used 40260K, committed 40832K, reserved 491520K
  class space    used 5693K, committed 5952K, reserved 425984K
}
Event: 20.904 GC heap after
{Heap after GC invocations=13 (full 0):
 garbage-first heap   total 90112K, used 34636K [0x0000000700000000, 0x0000000800000000)
  region size 2048K, 2 young (4096K), 2 survivors (4096K)
 Metaspace       used 40260K, committed 40832K, reserved 491520K
  class space    used 5693K, committed 5952K, reserved 425984K
}

